<?xml version="1.0" encoding="UTF-8"?>
<testng-results ignored="0" total="1" passed="1" failed="0" skipped="0">
  <reporter-output>
  </reporter-output>
  <suite started-at="2026-04-08T12:28:05 IST" name="Default suite" finished-at="2026-04-08T12:28:57 IST" duration-ms="52118">
    <groups>
    </groups>
    <test started-at="2026-04-08T12:28:05 IST" name="Default test" finished-at="2026-04-08T12:28:57 IST" duration-ms="52118">
      <class name="Tests.PlaceOrderTest">
        <test-method is-config="true" signature="setUp()[pri:0, instance:Tests.PlaceOrderTest@235834f2]" started-at="2026-04-08T12:28:05 IST" name="setUp" finished-at="2026-04-08T12:28:13 IST" duration-ms="8508" status="PASS">
          <reporter-output>
          </reporter-output>
        </test-method> <!-- setUp -->
        <test-method signature="enterTextInSearchBoxTest()[pri:0, instance:Tests.PlaceOrderTest@235834f2]" started-at="2026-04-08T12:28:13 IST" name="enterTextInSearchBoxTest" finished-at="2026-04-08T12:28:56 IST" duration-ms="42969" status="PASS">
          <reporter-output>
          </reporter-output>
        </test-method> <!-- enterTextInSearchBoxTest -->
        <test-method is-config="true" signature="tearDown()[pri:0, instance:Tests.PlaceOrderTest@235834f2]" started-at="2026-04-08T12:28:56 IST" name="tearDown" finished-at="2026-04-08T12:28:57 IST" duration-ms="559" status="PASS">
          <reporter-output>
          </reporter-output>
        </test-method> <!-- tearDown -->
      </class> <!-- Tests.PlaceOrderTest -->
    </test> <!-- Default test -->
  </suite> <!-- Default suite -->
</testng-results>
