<?xml version="1.0" encoding="UTF-8"?>
<!-- Generated by org.testng.reporters.JUnitReportReporter -->
<testsuite hostname="DESKTOP-68V8L8B" failures="0" tests="7" name="Tests.SearchTest" time="111.731" errors="0" timestamp="2026-04-07T19:52:06 IST" skipped="0">
  <testcase classname="Tests.SearchTest" name="enterTextInSearchBoxTest" time="15.878"/>
  <testcase classname="Tests.SearchTest" name="enterTextInSearchBoxTestphone" time="15.637"/>
  <testcase classname="Tests.SearchTest" name="enterTextInSearchBoxTestDress" time="18.403"/>
  <testcase classname="Tests.SearchTest" name="enterTextInSearchBoxTestmoderntops" time="16.440"/>
  <testcase classname="Tests.SearchTest" name="enterTextInSearchBoxTestmoderncreams" time="16.733"/>
  <testcase classname="Tests.SearchTest" name="enterTextInSearchBoxTestmoderncreamsWroungitem" time="14.075"/>
  <testcase classname="Tests.SearchTest" name="enterTextInSearchBoxTestmoderncreamsWroungitemproduct" time="14.565"/>
</testsuite> <!-- Tests.SearchTest -->
